<?xml version="1.0" encoding="UTF-8"?>
<testsuite xmlns:xsi="http://www.w3.org/2001/XMLSchema-instance" xsi:noNamespaceSchemaLocation="https://maven.apache.org/surefire/maven-surefire-plugin/xsd/surefire-test-report.xsd" version="3.0.2" name="com.roima.exam.online_exam_system.OnlineExamSystemApplicationTests" time="34.154" tests="1" errors="0" skipped="0" failures="0">
  <properties>
[...]
</properties>
  <testcase name="contextLoads" classname="com.roima.exam.online_exam_system.OnlineExamSystemApplicationTests" time="1.134">
    <system-out><![CDATA[23:18:16.138 [main] INFO org.springframework.test.context.support.AnnotationConfigContextLoaderUtils -- Could not detect default configuration classes for test class [com.roima.exam.online_exam_system.OnlineExamSystemApplicationTests]: OnlineExamSystemApplicationTests does not declare any static, non-private, non-final, nested classes annotated with @Configuration.
23:18:16.440 [main] INFO org.springframework.boot.test.context.SpringBootTestContextBootstrapper -- Found @SpringBootConfiguration com.roima.exam.online_exam_system.OnlineExamSystemApplication for test class com.roima.exam.online_exam_system.OnlineExamSystemApplicationTests

  .   ____          _            __ _ _
 /\\ / ___'_ __ _ _(_)_ __  __ _ \ \ \ \
( ( )\___ | '_ | '_| | '_ \/ _` | \ \ \ \
 \\/  ___)| |_)| | | | | || (_| |  ) ) ) )
  '  |____| .__|_| |_|_| |_\__, | / / / /
 =========|_|==============|___/=/_/_/_/

 :: Spring Boot ::                (v3.4.0)

2025-01-04T23:18:17.480+05:30  INFO 1080 --- [Online Exam System] [           main] c.r.e.o.OnlineExamSystemApplicationTests : Starting OnlineExamSystemApplicationTests using Java 21.0.3 with PID 1080 (started by Shrey in D:\online-exam-system\online-exam-system)
2025-01-04T23:18:17.483+05:30  INFO 1080 --- [Online Exam System] [           main] c.r.e.o.OnlineExamSystemApplicationTests : No active profile set, falling back to 1 default profile: "default"
2025-01-04T23:18:19.331+05:30  INFO 1080 --- [Online Exam System] [           main] .s.d.r.c.RepositoryConfigurationDelegate : Bootstrapping Spring Data JPA repositories in DEFAULT mode.
2025-01-04T23:18:19.589+05:30  INFO 1080 --- [Online Exam System] [           main] .s.d.r.c.RepositoryConfigurationDelegate : Finished Spring Data repository scanning in 224 ms. Found 13 JPA repository interfaces.
2025-01-04T23:18:20.930+05:30  INFO 1080 --- [Online Exam System] [           main] o.hibernate.jpa.internal.util.LogHelper  : HHH000204: Processing PersistenceUnitInfo [name: default]
2025-01-04T23:18:21.099+05:30  INFO 1080 --- [Online Exam System] [           main] org.hibernate.Version                    : HHH000412: Hibernate ORM core version 6.6.2.Final
2025-01-04T23:18:21.228+05:30  INFO 1080 --- [Online Exam System] [           main] o.h.c.internal.RegionFactoryInitiator    : HHH000026: Second-level cache disabled
2025-01-04T23:18:22.030+05:30  INFO 1080 --- [Online Exam System] [           main] o.s.o.j.p.SpringPersistenceUnitInfo      : No LoadTimeWeaver setup: ignoring JPA class transformer
2025-01-04T23:18:22.107+05:30  INFO 1080 --- [Online Exam System] [           main] com.zaxxer.hikari.HikariDataSource       : HikariPool-1 - Starting...
2025-01-04T23:18:23.071+05:30  INFO 1080 --- [Online Exam System] [           main] com.zaxxer.hikari.pool.HikariPool        : HikariPool-1 - Added connection ConnectionID:1 ClientConnectionId: 6381522b-d631-441d-914a-aa19d9e0e4bf
2025-01-04T23:18:23.078+05:30  INFO 1080 --- [Online Exam System] [           main] com.zaxxer.hikari.HikariDataSource       : HikariPool-1 - Start completed.
2025-01-04T23:18:23.166+05:30  WARN 1080 --- [Online Exam System] [           main] org.hibernate.orm.deprecation            : HHH90000025: SQLServer2016Dialect does not need to be specified explicitly using 'hibernate.dialect' (remove the property setting and it will be selected by default)
2025-01-04T23:18:23.169+05:30  WARN 1080 --- [Online Exam System] [           main] org.hibernate.orm.deprecation            : HHH90000026: SQLServer2016Dialect has been deprecated; use org.hibernate.dialect.SQLServerDialect instead
2025-01-04T23:18:23.246+05:30  INFO 1080 --- [Online Exam System] [           main] org.hibernate.orm.connections.pooling    : HHH10001005: Database info:
	Database JDBC URL [Connecting through datasource 'HikariDataSource (HikariPool-1)']
	Database driver: undefined/unknown
	Database version: 13.0
	Autocommit mode: undefined/unknown
	Isolation level: undefined/unknown
	Minimum pool size: undefined/unknown
	Maximum pool size: undefined/unknown
2025-01-04T23:18:24.451+05:30  WARN 1080 --- [Online Exam System] [           main] org.hibernate.mapping.RootClass          : HHH000038: Composite-id class does not override equals(): com.roima.exam.online_exam_system.model.ExamQuestionId
2025-01-04T23:18:24.452+05:30  WARN 1080 --- [Online Exam System] [           main] org.hibernate.mapping.RootClass          : HHH000039: Composite-id class does not override hashCode(): com.roima.exam.online_exam_system.model.ExamQuestionId
2025-01-04T23:18:26.820+05:30  INFO 1080 --- [Online Exam System] [           main] o.h.e.t.j.p.i.JtaPlatformInitiator       : HHH000489: No JTA platform available (set 'hibernate.transaction.jta.platform' to enable JTA platform integration)
Hibernate: 
    create table student_answer (
        question_id int not null,
        student_id int not null,
        answer_text TEXT,
        marks_earned float(53) not null,
        primary key (question_id, student_id)
    )
2025-01-04T23:18:45.969+05:30  INFO 1080 --- [Online Exam System] [           main] j.LocalContainerEntityManagerFactoryBean : Initialized JPA EntityManagerFactory for persistence unit 'default'
Database connection successful: jdbc:sqlserver://DESKTOP-PRD1PVM\sqlexpress:1433;connectRetryInterval=10;connectRetryCount=1;maxResultBuffer=-1;sendTemporalDataTypesAsStringForBulkCopy=true;delayLoadingLobs=true;useFmtOnly=false;cacheBulkCopyMetadata=false;useBulkCopyForBatchInsert=false;cancelQueryTimeout=-1;sslProtocol=TLS;calcBigDecimalPrecision=false;useDefaultJaasConfig=false;jaasConfigurationName=SQLJDBCDriver;statementPoolingCacheSize=0;serverPreparedStatementDiscardThreshold=10;enablePrepareOnFirstPreparedStatementCall=false;fips=false;socketTimeout=0;authentication=NotSpecified;authenticationScheme=nativeAuthentication;xopenStates=false;datetimeParameterType=datetime2;sendTimeAsDatetime=true;replication=false;trustStoreType=JKS;trustServerCertificate=true;TransparentNetworkIPResolution=true;iPAddressPreference=IPv4First;serverNameAsACE=false;sendStringParametersAsUnicode=true;selectMethod=direct;responseBuffering=adaptive;queryTimeout=-1;packetSize=8000;multiSubnetFailover=false;loginTimeout=30;lockTimeout=-1;lastUpdateCount=true;useDefaultGSSCredential=false;prepareMethod=prepexec;encrypt=true;disableStatementPooling=true;databaseName=Exam;columnEncryptionSetting=Disabled;applicationName=Microsoft JDBC Driver for SQL Server;applicationIntent=readwrite;
2025-01-04T23:18:47.565+05:30  WARN 1080 --- [Online Exam System] [           main] JpaBaseConfiguration$JpaWebConfiguration : spring.jpa.open-in-view is enabled by default. Therefore, database queries may be performed during view rendering. Explicitly configure spring.jpa.open-in-view to disable this warning
2025-01-04T23:18:48.363+05:30  WARN 1080 --- [Online Exam System] [           main] ion$DefaultTemplateResolverConfiguration : Cannot find template location: classpath:/templates/ (please add some templates, check your Thymeleaf configuration, or set spring.thymeleaf.check-template-location=false)
2025-01-04T23:18:48.679+05:30  INFO 1080 --- [Online Exam System] [           main] c.r.e.o.OnlineExamSystemApplicationTests : Started OnlineExamSystemApplicationTests in 31.843 seconds (process running for 34.365)
]]></system-out>
    <system-err><![CDATA[Mockito is currently self-attaching to enable the inline-mock-maker. This will no longer work in future releases of the JDK. Please add Mockito as an agent to your build what is described in Mockito's documentation: https://javadoc.io/doc/org.mockito/mockito-core/latest/org/mockito/Mockito.html#0.3
WARNING: A Java agent has been loaded dynamically (C:\Users\Shrey\.m2\repository\net\bytebuddy\byte-buddy-agent\1.15.10\byte-buddy-agent-1.15.10.jar)
WARNING: If a serviceability tool is in use, please run with -XX:+EnableDynamicAgentLoading to hide this warning
WARNING: If a serviceability tool is not in use, please run with -Djdk.instrument.traceUsage for more information
WARNING: Dynamic loading of agents will be disallowed by default in a future release
]]></system-err>
  </testcase>
</testsuite>